app/build/intermediates/manifest_merge_blame_file/debug/manifest-merger-blame-debug-report.txt
1<?xml version="1.0" encoding="utf-8"?>
2<manifest xmlns:android="http://schemas.android.com/apk/res/android"
3    package="com.example.infyULabs"
4    android:versionCode="1"
5    android:versionName="1.0" >
6
7    <uses-sdk
8        android:minSdkVersion="21"
8-->src/main/AndroidManifest.xml
9        android:targetSdkVersion="29" />
9-->src/main/AndroidManifest.xml
10
11    <uses-permission android:name="android.permission.BLUETOOTH" />
11-->src/main/AndroidManifest.xml:6:5-68
11-->src/main/AndroidManifest.xml:6:22-65
12    <uses-permission android:name="android.permission.ACCESS_NETWORK_STATE" />
12-->src/main/AndroidManifest.xml:7:5-79
12-->src/main/AndroidManifest.xml:7:22-76
13    <uses-permission android:name="android.permission.INTERNET" />
13-->src/main/AndroidManifest.xml:8:5-67
13-->src/main/AndroidManifest.xml:8:22-64
14    <uses-permission android:name="android.permission.ACCESS_FINE_LOCATION" />
14-->src/main/AndroidManifest.xml:9:5-79
14-->src/main/AndroidManifest.xml:9:22-76
15    <uses-permission android:name="android.permission.ACCESS_COARSE_LOCATION" />
15-->src/main/AndroidManifest.xml:10:5-81
15-->src/main/AndroidManifest.xml:10:22-78
16    <uses-permission android:name="android.permission.ACCESS_BACKGROUND_LOCATION" />
16-->src/main/AndroidManifest.xml:11:5-85
16-->src/main/AndroidManifest.xml:11:22-82
17
18    <uses-feature
18-->src/main/AndroidManifest.xml:13:5-15:35
19        android:name="android.hardware.bluetooth_le"
19-->src/main/AndroidManifest.xml:14:9-53
20        android:required="true" />
20-->src/main/AndroidManifest.xml:15:9-32
21
22    <uses-permission android:name="android.permission.READ_EXTERNAL_STORAGE" />
22-->src/main/AndroidManifest.xml:17:5-80
22-->src/main/AndroidManifest.xml:17:22-77
23    <uses-permission android:name="android.permission.WRITE_EXTERNAL_STORAGE" />
23-->src/main/AndroidManifest.xml:18:5-81
23-->src/main/AndroidManifest.xml:18:22-78
24    <uses-permission android:name="android.permission.BLUETOOTH_ADMIN" />
24-->[:nirscannanolibrary:] AndroidManifest.xml:12:5-74
24-->[:nirscannanolibrary:] AndroidManifest.xml:12:22-71
25    <uses-permission android:name="android.permission.READ_PHONE_STATE" />
26
27    <application
27-->src/main/AndroidManifest.xml:20:5-115:19
28        android:name="com.example.infyULabs.GlobalClass"
28-->src/main/AndroidManifest.xml:21:9-36
29        android:allowBackup="true"
29-->src/main/AndroidManifest.xml:22:9-35
30        android:appComponentFactory="androidx.core.app.CoreComponentFactory"
30-->[androidx.core:core:1.1.0] AndroidManifest.xml:24:18-86
31        android:debuggable="true"
32        android:icon="@mipmap/ic_launcher"
32-->src/main/AndroidManifest.xml:23:9-43
33        android:label="@string/app_name"
33-->src/main/AndroidManifest.xml:24:9-41
34        android:requestLegacyExternalStorage="true"
34-->src/main/AndroidManifest.xml:26:9-52
35        android:roundIcon="@mipmap/ic_launcher_round"
35-->src/main/AndroidManifest.xml:25:9-54
36        android:screenOrientation="portrait"
36-->src/main/AndroidManifest.xml:27:9-45
37        android:supportsRtl="true"
37-->src/main/AndroidManifest.xml:28:9-35
38        android:testOnly="true"
39        android:theme="@style/AppTheme"
39-->src/main/AndroidManifest.xml:29:9-40
40        android:usesCleartextTraffic="true" >
40-->src/main/AndroidManifest.xml:30:9-44
41        <activity android:name="com.example.infyULabs.TriadSpectrometer" />
41-->src/main/AndroidManifest.xml:32:9-64
41-->src/main/AndroidManifest.xml:32:19-52
42        <activity android:name="com.example.infyULabs.nir.NirConnection" />
42-->src/main/AndroidManifest.xml:33:9-55
42-->src/main/AndroidManifest.xml:33:19-52
43        <activity
43-->src/main/AndroidManifest.xml:34:9-36:52
44            android:name="com.example.infyULabs.RiceData"
44-->src/main/AndroidManifest.xml:35:13-37
45            android:screenOrientation="portrait" />
45-->src/main/AndroidManifest.xml:36:13-49
46        <activity
46-->src/main/AndroidManifest.xml:37:9-45:20
47            android:name="com.example.infyULabs.SplashScreen"
47-->src/main/AndroidManifest.xml:38:13-41
48            android:screenOrientation="portrait" >
48-->src/main/AndroidManifest.xml:39:13-49
49            <intent-filter>
49-->src/main/AndroidManifest.xml:40:13-44:29
50                <action android:name="android.intent.action.MAIN" />
50-->src/main/AndroidManifest.xml:41:17-69
50-->src/main/AndroidManifest.xml:41:25-66
51
52                <category android:name="android.intent.category.LAUNCHER" />
52-->src/main/AndroidManifest.xml:43:17-77
52-->src/main/AndroidManifest.xml:43:27-74
53            </intent-filter>
54        </activity>
55        <activity
55-->src/main/AndroidManifest.xml:46:9-49:55
56            android:name="com.example.infyULabs.nir.NewScanActivity"
56-->src/main/AndroidManifest.xml:47:13-48
57            android:screenOrientation="portrait"
57-->src/main/AndroidManifest.xml:48:13-49
58            android:windowSoftInputMode="adjustPan" />
58-->src/main/AndroidManifest.xml:49:13-52
59
60        <service
60-->src/main/AndroidManifest.xml:51:9-54:39
61            android:name="com.example.infyULabs.service.NanoBLEService"
61-->src/main/AndroidManifest.xml:52:13-51
62            android:enabled="true"
62-->src/main/AndroidManifest.xml:53:13-35
63            android:exported="true" />
63-->src/main/AndroidManifest.xml:54:13-36
64
65        <activity
65-->src/main/AndroidManifest.xml:56:9-58:61
66            android:name="com.example.infyULabs.nir.ScanActivity"
66-->src/main/AndroidManifest.xml:57:13-45
67            android:screenOrientation="portrait" />
67-->src/main/AndroidManifest.xml:58:13-49
68        <activity
68-->src/main/AndroidManifest.xml:59:9-61:52
69            android:name="com.example.infyULabs.userProfile.ForgetPassword"
69-->src/main/AndroidManifest.xml:60:13-55
70            android:screenOrientation="portrait" />
70-->src/main/AndroidManifest.xml:61:13-49
71        <activity
71-->src/main/AndroidManifest.xml:62:9-64:52
72            android:name="com.example.infyULabs.userProfile.Signup"
72-->src/main/AndroidManifest.xml:63:13-47
73            android:screenOrientation="portrait" />
73-->src/main/AndroidManifest.xml:64:13-49
74        <activity
74-->src/main/AndroidManifest.xml:65:9-68:47
75            android:name="com.example.infyULabs.setting.SettingsActivity"
75-->src/main/AndroidManifest.xml:66:13-53
76            android:screenOrientation="portrait"
76-->src/main/AndroidManifest.xml:67:13-49
77            android:theme="@style/AppTheme" />
77-->src/main/AndroidManifest.xml:68:13-44
78
79        <meta-data
79-->src/main/AndroidManifest.xml:70:9-72:53
80            android:name="com.google.android.actions"
80-->src/main/AndroidManifest.xml:71:13-54
81            android:resource="@xml/edittextstyle" />
81-->src/main/AndroidManifest.xml:72:13-50
82
83        <activity
83-->src/main/AndroidManifest.xml:74:9-76:52
84            android:name="com.example.infyULabs.Connection"
84-->src/main/AndroidManifest.xml:75:13-39
85            android:screenOrientation="portrait" />
85-->src/main/AndroidManifest.xml:76:13-49
86        <activity
86-->src/main/AndroidManifest.xml:77:9-79:52
87            android:name="com.example.infyULabs.ChooseTheData"
87-->src/main/AndroidManifest.xml:78:13-42
88            android:screenOrientation="portrait" />
88-->src/main/AndroidManifest.xml:79:13-49
89        <activity
89-->src/main/AndroidManifest.xml:80:9-82:52
90            android:name="com.example.infyULabs.Report"
90-->src/main/AndroidManifest.xml:81:13-35
91            android:screenOrientation="portrait" />
91-->src/main/AndroidManifest.xml:82:13-49
92        <activity
92-->src/main/AndroidManifest.xml:83:9-85:52
93            android:name="com.example.infyULabs.Addtoreport"
93-->src/main/AndroidManifest.xml:84:13-40
94            android:screenOrientation="portrait" />
94-->src/main/AndroidManifest.xml:85:13-49
95        <activity
95-->src/main/AndroidManifest.xml:86:9-88:52
96            android:name="com.example.infyULabs.Profile"
96-->src/main/AndroidManifest.xml:87:13-36
97            android:screenOrientation="portrait" />
97-->src/main/AndroidManifest.xml:88:13-49
98        <activity
98-->src/main/AndroidManifest.xml:89:9-91:52
99            android:name="com.example.infyULabs.Logs"
99-->src/main/AndroidManifest.xml:90:13-33
100            android:screenOrientation="portrait" />
100-->src/main/AndroidManifest.xml:91:13-49
101        <activity
101-->src/main/AndroidManifest.xml:92:9-94:52
102            android:name="com.example.infyULabs.setting.SettingOfApp"
102-->src/main/AndroidManifest.xml:93:13-49
103            android:screenOrientation="portrait" />
103-->src/main/AndroidManifest.xml:94:13-49
104        <activity
104-->src/main/AndroidManifest.xml:95:9-97:52
105            android:name="com.example.infyULabs.Support"
105-->src/main/AndroidManifest.xml:96:13-36
106            android:screenOrientation="portrait" />
106-->src/main/AndroidManifest.xml:97:13-49
107        <activity
107-->src/main/AndroidManifest.xml:98:9-100:52
108            android:name="com.example.infyULabs.Trend"
108-->src/main/AndroidManifest.xml:99:13-34
109            android:screenOrientation="portrait" />
109-->src/main/AndroidManifest.xml:100:13-49
110        <activity
110-->src/main/AndroidManifest.xml:101:9-103:52
111            android:name="com.example.infyULabs.userProfile.LoginActivity"
111-->src/main/AndroidManifest.xml:102:13-54
112            android:screenOrientation="portrait" />
112-->src/main/AndroidManifest.xml:103:13-49
113        <activity
113-->src/main/AndroidManifest.xml:104:9-106:52
114            android:name="com.example.infyULabs.second"
114-->src/main/AndroidManifest.xml:105:13-35
115            android:screenOrientation="portrait" />
115-->src/main/AndroidManifest.xml:106:13-49
116        <activity
116-->src/main/AndroidManifest.xml:107:9-109:52
117            android:name="com.example.infyULabs.dataAnalysis.MainActivity"
117-->src/main/AndroidManifest.xml:108:13-54
118            android:screenOrientation="portrait" />
118-->src/main/AndroidManifest.xml:109:13-49
119
120        <service
120-->src/main/AndroidManifest.xml:111:9-113:38
121            android:name="com.example.infyULabs.socket.SerialService"
121-->src/main/AndroidManifest.xml:112:13-49
122            android:enabled="true" />
122-->src/main/AndroidManifest.xml:113:13-35
123
124        <activity android:name="app.akexorcist.bluetotohspp.library.DeviceList" />
124-->[com.akexorcist:bluetoothspp:1.0.0] AndroidManifest.xml:11:9-83
124-->[com.akexorcist:bluetoothspp:1.0.0] AndroidManifest.xml:11:19-80
125
126        <service
126-->[:ISCSDK-release:] AndroidManifest.xml:15:9-18:39
127            android:name="com.ISCSDK.ISCNIRScanSDK"
127-->[:ISCSDK-release:] AndroidManifest.xml:16:13-52
128            android:enabled="true"
128-->[:ISCSDK-release:] AndroidManifest.xml:17:13-35
129            android:exported="true" />
129-->[:ISCSDK-release:] AndroidManifest.xml:18:13-36
130    </application>
131
132</manifest>